<?xml version="1.0" encoding="UTF-8"?>
<!-- Generated by org.testng.reporters.JUnitReportReporter -->
<testsuite hostname="DurgaP" failures="0" tests="2" name="rahulshettyacademy.tests.ErrorValidations" time="30.451" errors="0" timestamp="2024-05-14T01:36:44 PDT" skipped="0">
  <testcase classname="rahulshettyacademy.tests.ErrorValidations" name="LoginErrorValidation" time="14.393"/>
  <testcase classname="rahulshettyacademy.tests.ErrorValidations" name="ProductErrorValidation" time="16.058"/>
</testsuite> <!-- rahulshettyacademy.tests.ErrorValidations -->
